<?xml version="1.0" encoding="UTF-8"?>
<robot generator="Robot 6.0.2 (Python 3.11.3 on win32)" generated="20230511 15:36:25.789" rpa="false" schemaversion="3">
<suite id="s1" name="Mobile Manager LHE" source="D:\Project\project\Mobile_Manager_LHE">
<suite id="s1-s1" name="Testcases" source="D:\Project\project\Mobile_Manager_LHE\testcases">
<suite id="s1-s1-s1" name="UI" source="D:\Project\project\Mobile_Manager_LHE\testcases\UI">
<suite id="s1-s1-s1-s1" name="Orderdetail" source="D:\Project\project\Mobile_Manager_LHE\testcases\UI\orderdetail.robot">
<test id="s1-s1-s1-s1-t1" name="TC: Submit an order without select warehouse" line="168">
<kw name="Open an Application" library="appium_common" type="SETUP">
<arg>${appium_server}</arg>
<arg>${platform_name}</arg>
<arg>${automation_name}</arg>
<arg>${platform_version}</arg>
<arg>${device_name}</arg>
<arg>${udid}</arg>
<arg>${app_package}</arg>
<arg>${app_activity}</arg>
<arg>${no_reset}</arg>
<kw name="Open Application" library="AppiumLibrary">
<arg>${appium_server}</arg>
<arg>platformName=${platform_name}</arg>
<arg>automationName=${automation_name}</arg>
<arg>platformVersion=${platform_version}</arg>
<arg>deviceName=${device_name}</arg>
<arg>udid=${udid}</arg>
<arg>appPackage=${app_package}</arg>
<arg>appActivity=${app_activity}</arg>
<arg>noReset=${no_reset}</arg>
<doc>Opens a new application to given Appium server.
Capabilities of appium server, Android and iOS,
Please check https://github.com/appium/appium/blob/master/docs/en/writing-running-appium/server-args.md
| *Option*            | *Man.* | *Description*     |
| remote_url          | Yes    | Appium server url |
| alias               | no     | alias             |</doc>
<status status="PASS" starttime="20230511 15:36:25.974" endtime="20230511 15:36:35.892"/>
</kw>
<status status="PASS" starttime="20230511 15:36:25.973" endtime="20230511 15:36:35.892"/>
</kw>
<kw name="View order detail" library="order_keywords">
<kw name="Login and swipe to context" library="login_keywords">
<arg>${icon_Order}</arg>
<kw name="Sleep" library="BuiltIn">
<arg>15s</arg>
<doc>Pauses the test executed for the given time.</doc>
<msg timestamp="20230511 15:36:50.895" level="INFO">Slept 15 seconds</msg>
<status status="PASS" starttime="20230511 15:36:35.894" endtime="20230511 15:36:50.896"/>
</kw>
<kw name="Wait Until Page Contains" library="AppiumLibrary">
<arg>Biểu đồ tăng trưởng CHTH</arg>
<doc>Waits until `text` appears on current page.</doc>
<status status="PASS" starttime="20230511 15:36:50.897" endtime="20230511 15:36:51.188"/>
</kw>
<kw name="Swipe By Percent" library="AppiumLibrary">
<arg>90</arg>
<arg>50</arg>
<arg>10</arg>
<arg>50</arg>
<doc>Swipe from one percent of the screen to another percent, for an optional duration.
Normal swipe fails to scale for different screen resolutions, this can be avoided using percent.</doc>
<status status="PASS" starttime="20230511 15:36:51.189" endtime="20230511 15:36:52.444"/>
</kw>
<kw name="Click on element on the screen" library="Elements_common">
<arg>${xpath}</arg>
<kw name="Wait until element is visibled on the screen" library="Elements_common">
<arg>${xpath}</arg>
<kw name="Wait Until Keyword Succeeds" library="BuiltIn">
<arg>${timeout}</arg>
<arg>${time_retry}</arg>
<arg>Wait Until Element Is Visible</arg>
<arg>${xpath}</arg>
<arg>${timeout}</arg>
<arg>error= Cannot find ${xpath} element</arg>
<doc>Runs the specified keyword and retries if it fails.</doc>
<kw name="Wait Until Element Is Visible" library="AppiumLibrary">
<arg>${xpath}</arg>
<arg>${timeout}</arg>
<arg>error= Cannot find ${xpath} element</arg>
<doc>Waits until element specified with `locator` is visible.</doc>
<status status="PASS" starttime="20230511 15:36:52.450" endtime="20230511 15:36:53.317"/>
</kw>
<status status="PASS" starttime="20230511 15:36:52.449" endtime="20230511 15:36:53.317"/>
</kw>
<status status="PASS" starttime="20230511 15:36:52.447" endtime="20230511 15:36:53.318"/>
</kw>
<kw name="Click Element" library="AppiumLibrary">
<arg>${xpath}</arg>
<doc>Click element identified by `locator`.</doc>
<msg timestamp="20230511 15:36:53.322" level="INFO">Clicking element '//android.widget.ImageView[@content-desc="Đơn hàng"]'.</msg>
<status status="PASS" starttime="20230511 15:36:53.320" endtime="20230511 15:36:53.518"/>
</kw>
<status status="PASS" starttime="20230511 15:36:52.445" endtime="20230511 15:36:53.519"/>
</kw>
<status status="PASS" starttime="20230511 15:36:35.893" endtime="20230511 15:36:53.520"/>
</kw>
<kw name="Sleep" library="BuiltIn">
<arg>10s</arg>
<doc>Pauses the test executed for the given time.</doc>
<msg timestamp="20230511 15:37:03.523" level="INFO">Slept 10 seconds</msg>
<status status="PASS" starttime="20230511 15:36:53.521" endtime="20230511 15:37:03.524"/>
</kw>
<kw name="Wait until element is visibled on the screen" library="Elements_common">
<arg>${bnt_CreateOrder}</arg>
<kw name="Wait Until Keyword Succeeds" library="BuiltIn">
<arg>${timeout}</arg>
<arg>${time_retry}</arg>
<arg>Wait Until Element Is Visible</arg>
<arg>${xpath}</arg>
<arg>${timeout}</arg>
<arg>error= Cannot find ${xpath} element</arg>
<doc>Runs the specified keyword and retries if it fails.</doc>
<kw name="Wait Until Element Is Visible" library="AppiumLibrary">
<arg>${xpath}</arg>
<arg>${timeout}</arg>
<arg>error= Cannot find ${xpath} element</arg>
<doc>Waits until element specified with `locator` is visible.</doc>
<status status="PASS" starttime="20230511 15:37:03.531" endtime="20230511 15:37:03.779"/>
</kw>
<status status="PASS" starttime="20230511 15:37:03.528" endtime="20230511 15:37:03.780"/>
</kw>
<status status="PASS" starttime="20230511 15:37:03.525" endtime="20230511 15:37:03.780"/>
</kw>
<kw name="Click on element on the screen" library="Elements_common">
<arg>${btn_ViewDetails}</arg>
<kw name="Wait until element is visibled on the screen" library="Elements_common">
<arg>${xpath}</arg>
<kw name="Wait Until Keyword Succeeds" library="BuiltIn">
<arg>${timeout}</arg>
<arg>${time_retry}</arg>
<arg>Wait Until Element Is Visible</arg>
<arg>${xpath}</arg>
<arg>${timeout}</arg>
<arg>error= Cannot find ${xpath} element</arg>
<doc>Runs the specified keyword and retries if it fails.</doc>
<kw name="Wait Until Element Is Visible" library="AppiumLibrary">
<arg>${xpath}</arg>
<arg>${timeout}</arg>
<arg>error= Cannot find ${xpath} element</arg>
<doc>Waits until element specified with `locator` is visible.</doc>
<status status="PASS" starttime="20230511 15:37:03.784" endtime="20230511 15:37:04.002"/>
</kw>
<status status="PASS" starttime="20230511 15:37:03.783" endtime="20230511 15:37:04.002"/>
</kw>
<status status="PASS" starttime="20230511 15:37:03.782" endtime="20230511 15:37:04.003"/>
</kw>
<kw name="Click Element" library="AppiumLibrary">
<arg>${xpath}</arg>
<doc>Click element identified by `locator`.</doc>
<msg timestamp="20230511 15:37:04.007" level="INFO">Clicking element '//android.widget.Button[@content-desc="Xem chi tiết"]'.</msg>
<status status="PASS" starttime="20230511 15:37:04.003" endtime="20230511 15:37:04.746"/>
</kw>
<status status="PASS" starttime="20230511 15:37:03.781" endtime="20230511 15:37:04.747"/>
</kw>
<status status="PASS" starttime="20230511 15:36:35.893" endtime="20230511 15:37:04.748"/>
</kw>
<kw name="Click on element on the screen" library="Elements_common">
<arg>${btn_SubmitOrder}</arg>
<kw name="Wait until element is visibled on the screen" library="Elements_common">
<arg>${xpath}</arg>
<kw name="Wait Until Keyword Succeeds" library="BuiltIn">
<arg>${timeout}</arg>
<arg>${time_retry}</arg>
<arg>Wait Until Element Is Visible</arg>
<arg>${xpath}</arg>
<arg>${timeout}</arg>
<arg>error= Cannot find ${xpath} element</arg>
<doc>Runs the specified keyword and retries if it fails.</doc>
<kw name="Wait Until Element Is Visible" library="AppiumLibrary">
<arg>${xpath}</arg>
<arg>${timeout}</arg>
<arg>error= Cannot find ${xpath} element</arg>
<doc>Waits until element specified with `locator` is visible.</doc>
<status status="PASS" starttime="20230511 15:37:04.756" endtime="20230511 15:37:11.591"/>
</kw>
<status status="PASS" starttime="20230511 15:37:04.754" endtime="20230511 15:37:11.592"/>
</kw>
<status status="PASS" starttime="20230511 15:37:04.752" endtime="20230511 15:37:11.593"/>
</kw>
<kw name="Click Element" library="AppiumLibrary">
<arg>${xpath}</arg>
<doc>Click element identified by `locator`.</doc>
<msg timestamp="20230511 15:37:11.603" level="INFO">Clicking element '//android.widget.Button[@content-desc="Phê duyệt"]'.</msg>
<status status="PASS" starttime="20230511 15:37:11.593" endtime="20230511 15:37:12.289"/>
</kw>
<status status="PASS" starttime="20230511 15:37:04.750" endtime="20230511 15:37:12.289"/>
</kw>
<kw name="Page Should Contain Element" library="AppiumLibrary">
<arg>accessibility_id=Vui lòng chọn kho xuất hàng</arg>
<doc>Verifies that current page contains `locator` element.</doc>
<msg timestamp="20230511 15:37:12.385" level="INFO">Current page contains element 'accessibility_id=Vui lòng chọn kho xuất hàng'.</msg>
<status status="PASS" starttime="20230511 15:37:12.291" endtime="20230511 15:37:12.386"/>
</kw>
<kw name="Close the application" library="appium_common" type="TEARDOWN">
<kw name="Run Keyword If Test Failed" library="BuiltIn">
<arg>Capture Page Screenshot</arg>
<doc>Runs the given keyword with the given arguments, if the test failed.</doc>
<status status="PASS" starttime="20230511 15:37:12.391" endtime="20230511 15:37:12.392"/>
</kw>
<kw name="Close Application" library="AppiumLibrary">
<doc>Closes the current application and also close webdriver session.</doc>
<status status="PASS" starttime="20230511 15:37:12.393" endtime="20230511 15:37:13.171"/>
</kw>
<status status="PASS" starttime="20230511 15:37:12.390" endtime="20230511 15:37:13.171"/>
</kw>
<tag>order_submit_02</tag>
<status status="PASS" starttime="20230511 15:36:25.973" endtime="20230511 15:37:13.172"/>
</test>
<status status="PASS" starttime="20230511 15:36:25.828" endtime="20230511 15:37:13.175"/>
</suite>
<status status="PASS" starttime="20230511 15:36:25.825" endtime="20230511 15:37:13.178"/>
</suite>
<status status="PASS" starttime="20230511 15:36:25.821" endtime="20230511 15:37:13.179"/>
</suite>
<status status="PASS" starttime="20230511 15:36:25.792" endtime="20230511 15:37:13.181"/>
</suite>
<statistics>
<total>
<stat pass="1" fail="0" skip="0">All Tests</stat>
</total>
<tag>
<stat pass="1" fail="0" skip="0">order_submit_02</stat>
</tag>
<suite>
<stat pass="1" fail="0" skip="0" id="s1" name="Mobile Manager LHE">Mobile Manager LHE</stat>
<stat pass="1" fail="0" skip="0" id="s1-s1" name="Testcases">Mobile Manager LHE.Testcases</stat>
<stat pass="1" fail="0" skip="0" id="s1-s1-s1" name="UI">Mobile Manager LHE.Testcases.UI</stat>
<stat pass="1" fail="0" skip="0" id="s1-s1-s1-s1" name="Orderdetail">Mobile Manager LHE.Testcases.UI.Orderdetail</stat>
</suite>
</statistics>
<errors>
</errors>
</robot>
